current directory: /Users/henryoh/Documents/saas/wordsoftruth-clean/gems/date-3.4.1/ext/date
/Users/henryoh/.rbenv/versions/3.2.2/bin/ruby extconf.rb
checking for rb_category_warn()... yes
checking for timezone in time.h with  -Werror... yes
checking for altzone in time.h with  -Werror... no
creating Makefile

current directory: /Users/henryoh/Documents/saas/wordsoftruth-clean/gems/date-3.4.1/ext/date
make DESTDIR\= sitearchdir\=./.gem.20250708-41374-8venmw sitelibdir\=./.gem.20250708-41374-8venmw clean

current directory: /Users/henryoh/Documents/saas/wordsoftruth-clean/gems/date-3.4.1/ext/date
make DESTDIR\= sitearchdir\=./.gem.20250708-41374-8venmw sitelibdir\=./.gem.20250708-41374-8venmw
compiling date_core.c
compiling date_parse.c
compiling date_strftime.c
compiling date_strptime.c
linking shared-object date_core.bundle
ld: warning: ignoring duplicate libraries: '-lruby.3.2'

current directory: /Users/henryoh/Documents/saas/wordsoftruth-clean/gems/date-3.4.1/ext/date
make DESTDIR\= sitearchdir\=./.gem.20250708-41374-8venmw sitelibdir\=./.gem.20250708-41374-8venmw install
/opt/homebrew/bin/ginstall -c -m 0755 date_core.bundle ./.gem.20250708-41374-8venmw

current directory: /Users/henryoh/Documents/saas/wordsoftruth-clean/gems/date-3.4.1/ext/date
make DESTDIR\= sitearchdir\=./.gem.20250708-41374-8venmw sitelibdir\=./.gem.20250708-41374-8venmw clean
