current directory: /Users/henryoh/Documents/saas/wordsoftruth-clean/gems/psych-5.2.6/ext/psych
/Users/henryoh/.rbenv/versions/3.2.2/bin/ruby extconf.rb
checking for yaml.h... yes
checking for yaml_get_version() in -lyaml... yes
creating Makefile

current directory: /Users/henryoh/Documents/saas/wordsoftruth-clean/gems/psych-5.2.6/ext/psych
make DESTDIR\= sitearchdir\=./.gem.20250708-41374-6pj230 sitelibdir\=./.gem.20250708-41374-6pj230 clean
cd libyaml && /Library/Developer/CommandLineTools/usr/bin/make clean
/bin/sh: line 0: cd: libyaml: No such file or directory
make: [clean-so] Error 1 (ignored)

current directory: /Users/henryoh/Documents/saas/wordsoftruth-clean/gems/psych-5.2.6/ext/psych
make DESTDIR\= sitearchdir\=./.gem.20250708-41374-6pj230 sitelibdir\=./.gem.20250708-41374-6pj230
compiling psych.c
compiling psych_emitter.c
compiling psych_parser.c
compiling psych_to_ruby.c
compiling psych_yaml_tree.c
linking shared-object psych.bundle
ld: warning: ignoring duplicate libraries: '-lruby.3.2', '-lyaml'

current directory: /Users/henryoh/Documents/saas/wordsoftruth-clean/gems/psych-5.2.6/ext/psych
make DESTDIR\= sitearchdir\=./.gem.20250708-41374-6pj230 sitelibdir\=./.gem.20250708-41374-6pj230 install
/opt/homebrew/bin/ginstall -c -m 0755 psych.bundle ./.gem.20250708-41374-6pj230

current directory: /Users/henryoh/Documents/saas/wordsoftruth-clean/gems/psych-5.2.6/ext/psych
make DESTDIR\= sitearchdir\=./.gem.20250708-41374-6pj230 sitelibdir\=./.gem.20250708-41374-6pj230 clean
cd libyaml && /Library/Developer/CommandLineTools/usr/bin/make clean
/bin/sh: line 0: cd: libyaml: No such file or directory
make: [clean-so] Error 1 (ignored)
