current directory: /Users/henryoh/Documents/saas/wordsoftruth-clean/gems/json-2.12.2/ext/json/ext/parser
/Users/henryoh/.rbenv/versions/3.2.2/bin/ruby extconf.rb
checking for rb_enc_interned_str() in ruby.h... yes
checking for rb_hash_new_capa() in ruby.h... yes
checking for rb_hash_bulk_insert() in ruby.h... yes
checking for strnlen() in string.h... yes
checking for whether -std=c99 is accepted as CFLAGS... yes
creating Makefile

current directory: /Users/henryoh/Documents/saas/wordsoftruth-clean/gems/json-2.12.2/ext/json/ext/parser
make DESTDIR\= sitearchdir\=./.gem.20250708-41374-9h2q2w sitelibdir\=./.gem.20250708-41374-9h2q2w clean

current directory: /Users/henryoh/Documents/saas/wordsoftruth-clean/gems/json-2.12.2/ext/json/ext/parser
make DESTDIR\= sitearchdir\=./.gem.20250708-41374-9h2q2w sitelibdir\=./.gem.20250708-41374-9h2q2w
compiling parser.c
linking shared-object json/ext/parser.bundle
ld: warning: ignoring duplicate libraries: '-lruby.3.2'

current directory: /Users/henryoh/Documents/saas/wordsoftruth-clean/gems/json-2.12.2/ext/json/ext/parser
make DESTDIR\= sitearchdir\=./.gem.20250708-41374-9h2q2w sitelibdir\=./.gem.20250708-41374-9h2q2w install
/opt/homebrew/bin/ginstall -c -m 0755 parser.bundle ./.gem.20250708-41374-9h2q2w/json/ext

current directory: /Users/henryoh/Documents/saas/wordsoftruth-clean/gems/json-2.12.2/ext/json/ext/parser
make DESTDIR\= sitearchdir\=./.gem.20250708-41374-9h2q2w sitelibdir\=./.gem.20250708-41374-9h2q2w clean
