current directory: /Users/henryoh/Documents/saas/wordsoftruth-clean/gems/bcrypt-3.1.20/ext/mri
/Users/henryoh/.rbenv/versions/3.2.2/bin/ruby extconf.rb
creating Makefile

current directory: /Users/henryoh/Documents/saas/wordsoftruth-clean/gems/bcrypt-3.1.20/ext/mri
make DESTDIR\= sitearchdir\=./.gem.20250708-41374-32vp2b sitelibdir\=./.gem.20250708-41374-32vp2b clean

current directory: /Users/henryoh/Documents/saas/wordsoftruth-clean/gems/bcrypt-3.1.20/ext/mri
make DESTDIR\= sitearchdir\=./.gem.20250708-41374-32vp2b sitelibdir\=./.gem.20250708-41374-32vp2b
compiling bcrypt_ext.c
bcrypt_ext.c:41:38: warning: implicit conversion loses integer precision: 'long' to 'int' [-Wshorten-64-to-32]
    args.size   = NIL_P(input) ? 0 : RSTRING_LEN(input);
                ~                    ^~~~~~~~~~~~~~~~~~
/Users/henryoh/.rbenv/versions/3.2.2/include/ruby-3.2.0/ruby/internal/core/rstring.h:52:27: note: expanded from macro 'RSTRING_LEN'
#define RSTRING_LEN       RSTRING_LEN
                          ^
1 warning generated.
compiling crypt_blowfish.c
clang  -D__SKIP_GNU -I/opt/homebrew/opt/gmp/include -D_XOPEN_SOURCE -D_DARWIN_C_SOURCE -D_DARWIN_UNLIMITED_SELECT -D_REENTRANT    -c -o x86.o x86.S
compiling crypt_gensalt.c
compiling wrapper.c
wrapper.c:182:60: warning: declaration of 'struct crypt_data' will not be visible outside of this function [-Wvisibility]
char *crypt_r(const char *key, const char *setting, struct crypt_data *data)
                                                           ^
1 warning generated.
linking shared-object bcrypt_ext.bundle
ld: warning: ignoring duplicate libraries: '-lruby.3.2'

current directory: /Users/henryoh/Documents/saas/wordsoftruth-clean/gems/bcrypt-3.1.20/ext/mri
make DESTDIR\= sitearchdir\=./.gem.20250708-41374-32vp2b sitelibdir\=./.gem.20250708-41374-32vp2b install
/opt/homebrew/bin/ginstall -c -m 0755 bcrypt_ext.bundle ./.gem.20250708-41374-32vp2b

current directory: /Users/henryoh/Documents/saas/wordsoftruth-clean/gems/bcrypt-3.1.20/ext/mri
make DESTDIR\= sitearchdir\=./.gem.20250708-41374-32vp2b sitelibdir\=./.gem.20250708-41374-32vp2b clean
