current directory: /Users/henryoh/Documents/saas/wordsoftruth-clean/gems/io-console-0.8.0/ext/io/console
/Users/henryoh/.rbenv/versions/3.2.2/bin/ruby extconf.rb
checking for rb_syserr_fail_str(0, Qnil)... yes
checking for rb_interned_str_cstr()... yes
checking for rb_io_path()... no
checking for rb_io_descriptor()... yes
checking for rb_io_get_write_io()... yes
checking for rb_io_closed_p()... no
checking for rb_io_open_descriptor()... no
checking for rb_ractor_local_storage_value_newkey()... yes
checking for termios.h... yes
checking for cfmakeraw() in termios.h... yes
checking for sys/ioctl.h... yes
checking for HAVE_RUBY_FIBER_SCHEDULER_H... yes
checking for ttyname_r()... yes
creating Makefile

current directory: /Users/henryoh/Documents/saas/wordsoftruth-clean/gems/io-console-0.8.0/ext/io/console
make DESTDIR\= sitearchdir\=./.gem.20250708-41374-mwkwrg sitelibdir\=./.gem.20250708-41374-mwkwrg clean

current directory: /Users/henryoh/Documents/saas/wordsoftruth-clean/gems/io-console-0.8.0/ext/io/console
make DESTDIR\= sitearchdir\=./.gem.20250708-41374-mwkwrg sitelibdir\=./.gem.20250708-41374-mwkwrg
compiling console.c
linking shared-object io/console.bundle
ld: warning: ignoring duplicate libraries: '-lruby.3.2'

current directory: /Users/henryoh/Documents/saas/wordsoftruth-clean/gems/io-console-0.8.0/ext/io/console
make DESTDIR\= sitearchdir\=./.gem.20250708-41374-mwkwrg sitelibdir\=./.gem.20250708-41374-mwkwrg install
/opt/homebrew/bin/ginstall -c -m 0755 console.bundle ./.gem.20250708-41374-mwkwrg/io

current directory: /Users/henryoh/Documents/saas/wordsoftruth-clean/gems/io-console-0.8.0/ext/io/console
make DESTDIR\= sitearchdir\=./.gem.20250708-41374-mwkwrg sitelibdir\=./.gem.20250708-41374-mwkwrg clean
