current directory: /Users/henryoh/Documents/saas/wordsoftruth-clean/gems/stackprof-0.2.27/ext/stackprof
/Users/henryoh/.rbenv/versions/3.2.2/bin/ruby extconf.rb
checking for rb_postponed_job_register_one()... yes
checking for rb_profile_frames()... yes
checking for rb_tracepoint_new()... yes
checking for RUBY_INTERNAL_EVENT_NEWOBJ... yes
creating Makefile

current directory: /Users/henryoh/Documents/saas/wordsoftruth-clean/gems/stackprof-0.2.27/ext/stackprof
make DESTDIR\= sitearchdir\=./.gem.20250708-41374-t5iery sitelibdir\=./.gem.20250708-41374-t5iery clean

current directory: /Users/henryoh/Documents/saas/wordsoftruth-clean/gems/stackprof-0.2.27/ext/stackprof
make DESTDIR\= sitearchdir\=./.gem.20250708-41374-t5iery sitelibdir\=./.gem.20250708-41374-t5iery
compiling stackprof.c
stackprof.c:228:30: warning: implicit conversion loses integer precision: 'long' to '__darwin_suseconds_t' (aka 'int') [-Wshorten-64-to-32]
        timer.it_interval.tv_usec = NUM2LONG(interval);
                                  ~ ^~~~~~~~~~~~~~~~~~
/Users/henryoh/.rbenv/versions/3.2.2/include/ruby-3.2.0/ruby/internal/arithmetic/long.h:51:22: note: expanded from macro 'NUM2LONG'
#define NUM2LONG     RB_NUM2LONG          /**< @old{RB_NUM2LONG} */
                     ^
/Users/henryoh/.rbenv/versions/3.2.2/include/ruby-3.2.0/ruby/internal/arithmetic/long.h:57:22: note: expanded from macro 'RB_NUM2LONG'
#define RB_NUM2LONG  rb_num2long_inline   /**< @alias{rb_num2long_inline} */
                     ^
stackprof.c:902:34: warning: implicit conversion loses integer precision: 'long' to '__darwin_suseconds_t' (aka 'int') [-Wshorten-64-to-32]
            timer.it_interval.tv_usec = NUM2LONG(_stackprof.interval);
                                      ~ ^~~~~~~~~~~~~~~~~~~~~~~~~~~~~
/Users/henryoh/.rbenv/versions/3.2.2/include/ruby-3.2.0/ruby/internal/arithmetic/long.h:51:22: note: expanded from macro 'NUM2LONG'
#define NUM2LONG     RB_NUM2LONG          /**< @old{RB_NUM2LONG} */
                     ^
/Users/henryoh/.rbenv/versions/3.2.2/include/ruby-3.2.0/ruby/internal/arithmetic/long.h:57:22: note: expanded from macro 'RB_NUM2LONG'
#define RB_NUM2LONG  rb_num2long_inline   /**< @alias{rb_num2long_inline} */
                     ^
2 warnings generated.
linking shared-object stackprof/stackprof.bundle
ld: warning: ignoring duplicate libraries: '-lruby.3.2'

current directory: /Users/henryoh/Documents/saas/wordsoftruth-clean/gems/stackprof-0.2.27/ext/stackprof
make DESTDIR\= sitearchdir\=./.gem.20250708-41374-t5iery sitelibdir\=./.gem.20250708-41374-t5iery install
/opt/homebrew/bin/ginstall -c -m 0755 stackprof.bundle ./.gem.20250708-41374-t5iery/stackprof

current directory: /Users/henryoh/Documents/saas/wordsoftruth-clean/gems/stackprof-0.2.27/ext/stackprof
make DESTDIR\= sitearchdir\=./.gem.20250708-41374-t5iery sitelibdir\=./.gem.20250708-41374-t5iery clean
